android/build/intermediates/manifest_merge_blame_file/release/processReleaseManifest/manifest-merger-blame-release-report.txt
1<?xml version="1.0" encoding="utf-8"?>
2<manifest xmlns:android="http://schemas.android.com/apk/res/android"
3    package="com.github.canardoux" >
4
5    <uses-sdk android:minSdkVersion="18" />
6
7    <uses-permission android:name="android.permission.BLUETOOTH" />
7-->src/main/AndroidManifest.xml:3:5-68
7-->src/main/AndroidManifest.xml:3:22-65
8    <uses-permission android:name="android.permission.WAKE_LOCK" />
8-->src/main/AndroidManifest.xml:4:5-68
8-->src/main/AndroidManifest.xml:4:22-65
9    <uses-permission android:name="android.permission.MODIFY_AUDIO_SETTINGS" />
9-->src/main/AndroidManifest.xml:5:5-80
9-->src/main/AndroidManifest.xml:5:22-77
10    <uses-permission android:name="android.permission.RECORD_AUDIO" />
10-->src/main/AndroidManifest.xml:6:5-70
10-->src/main/AndroidManifest.xml:6:22-68
11    <uses-permission android:name="Manifest.permission.CAPTURE_AUDIO_OUTPUT" />
11-->src/main/AndroidManifest.xml:7:5-80
11-->src/main/AndroidManifest.xml:7:22-77
12
13    <application>
13-->src/main/AndroidManifest.xml:10:5-11:19
14    </application>
15
16</manifest>